<?xml version="1.0" encoding="UTF-8"?>
<!-- Generated by org.testng.reporters.JUnitXMLReporter -->
<testsuite ignored="0" hostname="DESKTOP-9R5GJM7" failures="0" tests="5" name="FlipkartAutomation" time="106.95" errors="0" timestamp="2025-03-01T19:12:11 IST">
  <testcase classname="tests.FlightBookingTest" name="bookFlight" time="79.078"/>
  <testcase classname="tests.FlightBookingTest" name="bookFlight" time="80.151"/>
  <testcase classname="tests.LandingScreenTests" name="addToCart" time="93.398"/>
  <testcase classname="tests.LandingScreenTests" name="addToCart" time="95.284"/>
  <testcase classname="tests.LandingScreenTests" name="addToCart" time="98.787"/>
</testsuite> <!-- FlipkartAutomation -->
